2026-04-18 09:06:05,315 [INFO] __main__: Found 36 PDF files in financial_report_set
2026-04-18 09:06:05,317 [INFO] __main__: Connected to MySQL database
2026-04-18 09:06:05,317 [INFO] __main__: Processing: 600080_20230428_FQ2V.pdf
2026-04-18 09:06:05,324 [INFO] pdfExtractor.pdf_parser: Opened PDF: 600080_20230428_FQ2V.pdf (9 pages)
2026-04-18 09:06:05,674 [INFO] __main__:   Stock: 600080 (金花股份), Period: 2022Q1
2026-04-18 09:06:05,698 [INFO] __main__: Processing: 600080_20230428_MMWM.pdf
2026-04-18 09:06:05,778 [INFO] pdfExtractor.pdf_parser: Opened PDF: 600080_20230428_MMWM.pdf (170 pages)
2026-04-18 09:06:06,255 [INFO] __main__:   Stock: 600080 (金花股份), Period: 2022FY
2026-04-18 09:06:16,635 [INFO] __main__:   income_sheet: OK (revenue=57937.45)
2026-04-18 09:06:16,636 [INFO] __main__:   balance_sheet: OK (assets=197441.86)
2026-04-18 09:06:16,636 [INFO] __main__:   cash_flow_sheet: OK (net_cf=27437.06)
2026-04-18 09:06:16,636 [INFO] __main__:   core_indicators: OK (eps=0.0896)
2026-04-18 09:06:16,647 [INFO] __main__: Processing: 600080_20230428_PCK7.pdf
2026-04-18 09:06:16,653 [INFO] pdfExtractor.pdf_parser: Opened PDF: 600080_20230428_PCK7.pdf (11 pages)
2026-04-18 09:06:17,205 [INFO] __main__:   Stock: 600080 (金花股份), Period: 2023Q1
2026-04-18 09:06:17,326 [INFO] __main__:   income_sheet: OK (revenue=10825.95)
2026-04-18 09:06:17,327 [INFO] __main__:   balance_sheet: OK (assets=202015.43)
2026-04-18 09:06:17,327 [INFO] __main__:   cash_flow_sheet: OK (net_cf=9934.3)
2026-04-18 09:06:17,334 [INFO] __main__: Processing: 600080_20230819_DNUE.pdf
2026-04-18 09:06:17,337 [INFO] pdfExtractor.pdf_parser: Opened PDF: 600080_20230819_DNUE.pdf (6 pages)
2026-04-18 09:06:17,480 [INFO] __main__:   Stock: 600080 (金花股份), Period: 2023HY
2026-04-18 09:06:17,480 [INFO] __main__: Processing: 600080_20230819_U8CH.pdf
2026-04-18 09:06:17,537 [INFO] pdfExtractor.pdf_parser: Opened PDF: 600080_20230819_U8CH.pdf (127 pages)
2026-04-18 09:06:17,912 [INFO] __main__:   Stock: 600080 (金花股份), Period: 2023HY
2026-04-18 09:06:25,708 [INFO] __main__:   income_sheet: OK (revenue=25536.95)
2026-04-18 09:06:25,708 [INFO] __main__:   balance_sheet: OK (assets=193919.8)
2026-04-18 09:06:25,709 [INFO] __main__:   cash_flow_sheet: OK (net_cf=3793.82)
2026-04-18 09:06:25,709 [INFO] __main__:   core_indicators: OK (eps=0.0082)
2026-04-18 09:06:25,717 [INFO] __main__: Processing: 600080_20231028_F42E.pdf
2026-04-18 09:06:25,724 [INFO] pdfExtractor.pdf_parser: Opened PDF: 600080_20231028_F42E.pdf (12 pages)
2026-04-18 09:06:26,700 [INFO] __main__:   Stock: 600080 (金花股份), Period: 2023Q3
2026-04-18 09:06:26,925 [INFO] __main__:   income_sheet: OK (revenue=40280.5)
2026-04-18 09:06:26,926 [INFO] __main__:   balance_sheet: OK (assets=205883.1)
2026-04-18 09:06:26,926 [INFO] __main__:   cash_flow_sheet: OK (net_cf=690.22)
2026-04-18 09:06:26,926 [INFO] __main__:   core_indicators: OK (eps=0.0009)
2026-04-18 09:06:26,937 [INFO] __main__: Processing: 600080_20240427_0WKP.pdf
2026-04-18 09:06:27,024 [INFO] pdfExtractor.pdf_parser: Opened PDF: 600080_20240427_0WKP.pdf (182 pages)
2026-04-18 09:06:27,534 [INFO] __main__:   Stock: 600080 (金花股份), Period: 2023FY
2026-04-18 09:06:38,916 [INFO] __main__:   income_sheet: OK (revenue=56540.34)
2026-04-18 09:06:38,917 [INFO] __main__:   balance_sheet: OK (assets=210855.11)
2026-04-18 09:06:38,917 [INFO] __main__:   cash_flow_sheet: OK (net_cf=18709.41)
2026-04-18 09:06:38,917 [INFO] __main__:   core_indicators: OK (eps=-0.1149)
2026-04-18 09:06:38,929 [INFO] __main__: Processing: 600080_20240427_IBMB.pdf
2026-04-18 09:06:38,935 [INFO] pdfExtractor.pdf_parser: Opened PDF: 600080_20240427_IBMB.pdf (12 pages)
2026-04-18 09:06:40,063 [INFO] __main__:   Stock: 600080 (金花股份), Period: 2024Q1
2026-04-18 09:06:40,283 [INFO] __main__:   income_sheet: OK (revenue=11578.93)
2026-04-18 09:06:40,283 [INFO] __main__:   balance_sheet: OK (assets=181501.32)
2026-04-18 09:06:40,283 [INFO] __main__:   cash_flow_sheet: OK (net_cf=-25674.18)
2026-04-18 09:06:40,288 [INFO] __main__: Processing: 600080_20240427_W39O.pdf
2026-04-18 09:06:40,293 [INFO] pdfExtractor.pdf_parser: Opened PDF: 600080_20240427_W39O.pdf (8 pages)
2026-04-18 09:06:40,641 [INFO] __main__:   Stock: 600080 (金花股份), Period: 2023Q1
2026-04-18 09:06:40,664 [INFO] __main__: Processing: 600080_20240817_5X5X.pdf
2026-04-18 09:06:40,725 [INFO] pdfExtractor.pdf_parser: Opened PDF: 600080_20240817_5X5X.pdf (131 pages)
2026-04-18 09:06:41,205 [INFO] __main__:   Stock: 600080 (金花股份), Period: 2024HY
2026-04-18 09:06:48,818 [INFO] __main__:   income_sheet: OK (revenue=24596.55)
2026-04-18 09:06:48,818 [INFO] __main__:   balance_sheet: OK (assets=178790.48)
2026-04-18 09:06:48,819 [INFO] __main__:   cash_flow_sheet: OK (net_cf=-31716.65)
2026-04-18 09:06:48,819 [INFO] __main__:   core_indicators: OK (eps=0.0261)
2026-04-18 09:06:48,829 [INFO] __main__: Processing: 600080_20240817_6AW9.pdf
2026-04-18 09:06:48,832 [INFO] pdfExtractor.pdf_parser: Opened PDF: 600080_20240817_6AW9.pdf (5 pages)
2026-04-18 09:06:48,975 [INFO] __main__:   Stock: 600080 (金花股份), Period: 2024HY
2026-04-18 09:06:48,975 [INFO] __main__: Processing: 600080_20241030_XN72.pdf
2026-04-18 09:06:48,981 [INFO] pdfExtractor.pdf_parser: Opened PDF: 600080_20241030_XN72.pdf (12 pages)
2026-04-18 09:06:49,541 [INFO] __main__:   Stock: 600080 (金花股份), Period: 2024Q3
2026-04-18 09:06:49,704 [INFO] __main__:   income_sheet: OK (revenue=41893.12)
2026-04-18 09:06:49,704 [INFO] __main__:   balance_sheet: OK (assets=185977.97)
2026-04-18 09:06:49,704 [INFO] __main__:   cash_flow_sheet: OK (net_cf=-36311.51)
2026-04-18 09:06:49,704 [INFO] __main__:   core_indicators: OK (eps=0.0579)
2026-04-18 09:06:49,714 [INFO] __main__: Processing: 600080_20250425_6GSD.pdf
2026-04-18 09:06:49,717 [INFO] pdfExtractor.pdf_parser: Opened PDF: 600080_20250425_6GSD.pdf (11 pages)
2026-04-18 09:06:50,130 [INFO] __main__:   Stock: 600080 (金花股份), Period: 2025Q1
2026-04-18 09:06:50,236 [INFO] __main__:   income_sheet: OK (revenue=10732.26)
2026-04-18 09:06:50,236 [INFO] __main__:   balance_sheet: OK (assets=199184.51)
2026-04-18 09:06:50,236 [INFO] __main__:   cash_flow_sheet: OK (net_cf=-21946.99)
2026-04-18 09:06:50,237 [INFO] __main__:   core_indicators: OK (eps=0.0034)
2026-04-18 09:06:50,246 [INFO] __main__: Processing: 600080_20250425_LXGH.pdf
2026-04-18 09:06:50,286 [INFO] pdfExtractor.pdf_parser: Opened PDF: 600080_20250425_LXGH.pdf (189 pages)
2026-04-18 09:06:51,193 [INFO] __main__:   Stock: 600080 (金花股份), Period: 2024FY
2026-04-18 09:06:59,953 [INFO] __main__:   income_sheet: OK (revenue=58546.18)
2026-04-18 09:06:59,953 [INFO] __main__:   balance_sheet: OK (assets=197207.12)
2026-04-18 09:06:59,954 [INFO] __main__:   cash_flow_sheet: OK (net_cf=-28181.22)
2026-04-18 09:06:59,954 [INFO] __main__:   core_indicators: OK (eps=0.2088)
2026-04-18 09:06:59,966 [INFO] __main__: Processing: 600080_20250425_P7ID.pdf
2026-04-18 09:06:59,968 [INFO] pdfExtractor.pdf_parser: Opened PDF: 600080_20250425_P7ID.pdf (9 pages)
2026-04-18 09:07:00,599 [INFO] __main__:   Stock: 600080 (金花股份), Period: 2024FY
2026-04-18 09:07:00,617 [INFO] __main__: Processing: 600080_20250822_ABVM.pdf
2026-04-18 09:07:00,618 [INFO] pdfExtractor.pdf_parser: Opened PDF: 600080_20250822_ABVM.pdf (4 pages)
2026-04-18 09:07:00,719 [INFO] __main__:   Stock: 600080 (金花股份), Period: 2025HY
2026-04-18 09:07:00,720 [INFO] __main__: Processing: 600080_20250822_ODWZ.pdf
2026-04-18 09:07:00,749 [INFO] pdfExtractor.pdf_parser: Opened PDF: 600080_20250822_ODWZ.pdf (136 pages)
2026-04-18 09:07:01,268 [INFO] __main__:   Stock: 600080 (金花股份), Period: 2025HY
2026-04-18 09:07:07,051 [INFO] __main__:   income_sheet: OK (revenue=24129.3)
2026-04-18 09:07:07,052 [INFO] __main__:   balance_sheet: OK (assets=192962.1)
2026-04-18 09:07:07,052 [INFO] __main__:   cash_flow_sheet: OK (net_cf=-19918.76)
2026-04-18 09:07:07,052 [INFO] __main__:   core_indicators: OK (eps=0.0176)
2026-04-18 09:07:07,064 [INFO] __main__: Processing: 600080_20251030_IVCB.pdf
2026-04-18 09:07:07,067 [INFO] pdfExtractor.pdf_parser: Opened PDF: 600080_20251030_IVCB.pdf (11 pages)
2026-04-18 09:07:07,521 [INFO] __main__:   Stock: 600080 (金花股份), Period: 2025Q3
2026-04-18 09:07:07,607 [INFO] __main__:   income_sheet: OK (revenue=38390.84)
2026-04-18 09:07:07,607 [INFO] __main__:   balance_sheet: OK (assets=195675.16)
2026-04-18 09:07:07,607 [INFO] __main__:   cash_flow_sheet: OK (net_cf=-10245.32)
2026-04-18 09:07:07,608 [INFO] __main__:   core_indicators: OK (eps=0.0802)
2026-04-18 09:07:07,619 [INFO] __main__: Processing: 华润三九：2022年年度报告.pdf
2026-04-18 09:07:07,759 [INFO] pdfExtractor.pdf_parser: Opened PDF: 华润三九：2022年年度报告.pdf (224 pages)
2026-04-18 09:07:08,148 [INFO] __main__:   Stock: 000999 (华润三九), Period: 2022FY
2026-04-18 09:07:22,803 [INFO] __main__:   income_sheet: OK (revenue=1807946.15)
2026-04-18 09:07:22,803 [INFO] __main__:   balance_sheet: OK (assets=2712278.17)
2026-04-18 09:07:22,804 [INFO] __main__:   cash_flow_sheet: OK (net_cf=-4192.98)
2026-04-18 09:07:22,804 [INFO] __main__:   core_indicators: OK (eps=2.48)
2026-04-18 09:07:22,817 [INFO] __main__: Processing: 华润三九：2022年年度报告摘要.pdf
2026-04-18 09:07:22,820 [INFO] pdfExtractor.pdf_parser: Opened PDF: 华润三九：2022年年度报告摘要.pdf (6 pages)
2026-04-18 09:07:23,109 [INFO] __main__:   Stock: 000999 (华润三九), Period: 2022FY
2026-04-18 09:07:23,137 [INFO] __main__: Processing: 华润三九：2023年一季度报告.pdf
2026-04-18 09:07:23,146 [INFO] pdfExtractor.pdf_parser: Opened PDF: 华润三九：2023年一季度报告.pdf (11 pages)
2026-04-18 09:07:24,669 [INFO] __main__:   Stock: 000999 (华润三九), Period: 2023Q1
2026-04-18 09:07:24,852 [INFO] __main__:   income_sheet: OK (revenue=635240.83)
2026-04-18 09:07:24,853 [INFO] __main__:   balance_sheet: OK (assets=3787985.4)
2026-04-18 09:07:24,853 [INFO] __main__:   cash_flow_sheet: OK (net_cf=207463.27)
2026-04-18 09:07:24,853 [INFO] __main__:   core_indicators: OK (eps=1.16)
2026-04-18 09:07:24,863 [INFO] __main__: Processing: 华润三九：2023年三季度报告.pdf
2026-04-18 09:07:24,872 [INFO] pdfExtractor.pdf_parser: Opened PDF: 华润三九：2023年三季度报告.pdf (12 pages)
2026-04-18 09:07:25,759 [INFO] __main__:   Stock: 000999 (华润三九), Period: 2023Q3
2026-04-18 09:07:26,080 [INFO] __main__:   income_sheet: OK (revenue=1860800.6)
2026-04-18 09:07:26,080 [INFO] __main__:   balance_sheet: OK (assets=3869806.06)
2026-04-18 09:07:26,080 [INFO] __main__:   cash_flow_sheet: OK (net_cf=376419.92)
2026-04-18 09:07:26,080 [INFO] __main__:   core_indicators: OK (eps=0.54)
2026-04-18 09:07:26,089 [INFO] __main__: Processing: 华润三九：2023年半年度报告.pdf
2026-04-18 09:07:26,182 [INFO] pdfExtractor.pdf_parser: Opened PDF: 华润三九：2023年半年度报告.pdf (155 pages)
2026-04-18 09:07:26,556 [INFO] __main__:   Stock: 000999 (华润三九), Period: 2023HY
2026-04-18 09:07:38,329 [INFO] __main__:   income_sheet: OK (revenue=1314612.57)
2026-04-18 09:07:38,330 [INFO] __main__:   balance_sheet: OK (assets=3886556.25)
2026-04-18 09:07:38,330 [INFO] __main__:   cash_flow_sheet: OK (net_cf=363277.3)
2026-04-18 09:07:38,330 [INFO] __main__:   core_indicators: OK (eps=1.91)
2026-04-18 09:07:38,341 [INFO] __main__: Processing: 华润三九：2023年半年度报告摘要.pdf
2026-04-18 09:07:38,344 [INFO] pdfExtractor.pdf_parser: Opened PDF: 华润三九：2023年半年度报告摘要.pdf (4 pages)
2026-04-18 09:07:38,520 [INFO] __main__:   Stock: 000999 (华润三九), Period: 2023HY
2026-04-18 09:07:38,520 [INFO] __main__: Processing: 华润三九：2023年年度报告.pdf
2026-04-18 09:07:38,678 [INFO] pdfExtractor.pdf_parser: Opened PDF: 华润三九：2023年年度报告.pdf (255 pages)
2026-04-18 09:07:39,742 [INFO] __main__:   Stock: 000999 (华润三九), Period: 2023FY
2026-04-18 09:07:56,299 [INFO] __main__:   income_sheet: OK (revenue=2473896.33)
2026-04-18 09:07:56,300 [INFO] __main__:   balance_sheet: OK (assets=4014845.59)
2026-04-18 09:07:56,300 [INFO] __main__:   cash_flow_sheet: OK (net_cf=385367.69)
2026-04-18 09:07:56,300 [INFO] __main__:   core_indicators: OK (eps=2.9)
2026-04-18 09:07:56,315 [INFO] __main__: Processing: 华润三九：2023年年度报告摘要.pdf
2026-04-18 09:07:56,319 [INFO] pdfExtractor.pdf_parser: Opened PDF: 华润三九：2023年年度报告摘要.pdf (7 pages)
2026-04-18 09:07:56,654 [INFO] __main__:   Stock: 000999 (华润三九), Period: 2023FY
2026-04-18 09:07:56,694 [INFO] __main__: Processing: 华润三九：2024年一季度报告.pdf
2026-04-18 09:07:56,703 [INFO] pdfExtractor.pdf_parser: Opened PDF: 华润三九：2024年一季度报告.pdf (11 pages)
2026-04-18 09:07:57,527 [INFO] __main__:   Stock: 000999 (华润三九), Period: 2024Q1
2026-04-18 09:07:57,752 [INFO] __main__:   income_sheet: OK (revenue=729407.06)
2026-04-18 09:07:57,752 [INFO] __main__:   balance_sheet: OK (assets=4124767.44)
2026-04-18 09:07:57,752 [INFO] __main__:   cash_flow_sheet: OK (net_cf=50896.81)
2026-04-18 09:07:57,753 [INFO] __main__:   core_indicators: OK (eps=1.39)
2026-04-18 09:07:57,758 [INFO] __main__: Processing: 华润三九：2024年三季度报告.pdf
2026-04-18 09:07:57,767 [INFO] pdfExtractor.pdf_parser: Opened PDF: 华润三九：2024年三季度报告.pdf (13 pages)
2026-04-18 09:07:58,481 [INFO] __main__:   Stock: 000999 (华润三九), Period: 2024Q3
2026-04-18 09:07:58,864 [INFO] __main__:   income_sheet: OK (revenue=1974028.7)
2026-04-18 09:07:58,865 [INFO] __main__:   balance_sheet: OK (assets=4076992.34)
2026-04-18 09:07:58,865 [INFO] __main__:   cash_flow_sheet: OK (net_cf=-81831.62)
2026-04-18 09:07:58,865 [INFO] __main__:   core_indicators: OK (eps=0.44)
2026-04-18 09:07:58,874 [INFO] __main__: Processing: 华润三九：2024年半年度报告.pdf
2026-04-18 09:07:58,981 [INFO] pdfExtractor.pdf_parser: Opened PDF: 华润三九：2024年半年度报告.pdf (179 pages)
2026-04-18 09:07:59,277 [INFO] __main__:   Stock: 000999 (华润三九), Period: 2024HY
2026-04-18 09:08:13,850 [INFO] __main__:   income_sheet: OK (revenue=1410601.28)
2026-04-18 09:08:13,850 [INFO] __main__:   balance_sheet: OK (assets=4069826.65)
2026-04-18 09:08:13,850 [INFO] __main__:   cash_flow_sheet: OK (net_cf=-105970.89)
2026-04-18 09:08:13,850 [INFO] __main__:   core_indicators: OK (eps=1.87)
2026-04-18 09:08:13,858 [INFO] __main__: Processing: 华润三九：2024年半年度报告摘要.pdf
2026-04-18 09:08:13,861 [INFO] pdfExtractor.pdf_parser: Opened PDF: 华润三九：2024年半年度报告摘要.pdf (4 pages)
2026-04-18 09:08:14,066 [INFO] __main__:   Stock: 000999 (华润三九), Period: 2024HY
2026-04-18 09:08:14,090 [INFO] __main__: Processing: 华润三九：2024年年度报告.pdf
2026-04-18 09:08:14,243 [INFO] pdfExtractor.pdf_parser: Opened PDF: 华润三九：2024年年度报告.pdf (273 pages)
2026-04-18 09:08:14,609 [INFO] __main__:   Stock: 000999 (华润三九), Period: 2024FY
2026-04-18 09:08:33,046 [INFO] __main__:   income_sheet: OK (revenue=2761661.18)
2026-04-18 09:08:33,046 [INFO] __main__:   balance_sheet: OK (assets=4008197.23)
2026-04-18 09:08:33,046 [INFO] __main__:   cash_flow_sheet: OK (net_cf=-135393.58)
2026-04-18 09:08:33,047 [INFO] __main__:   core_indicators: OK (eps=2.63)
2026-04-18 09:08:33,057 [INFO] __main__: Processing: 华润三九：2024年年度报告摘要.pdf
2026-04-18 09:08:33,061 [INFO] pdfExtractor.pdf_parser: Opened PDF: 华润三九：2024年年度报告摘要.pdf (7 pages)
2026-04-18 09:08:33,351 [INFO] __main__:   Stock: 000999 (华润三九), Period: 2024FY
2026-04-18 09:08:33,382 [INFO] __main__: Processing: 华润三九：2025年一季度报告.pdf
2026-04-18 09:08:33,390 [INFO] pdfExtractor.pdf_parser: Opened PDF: 华润三九：2025年一季度报告.pdf (11 pages)
2026-04-18 09:08:34,123 [INFO] __main__:   Stock: 000999 (华润三九), Period: 2025Q1
2026-04-18 09:08:34,320 [INFO] __main__:   income_sheet: OK (revenue=685365.64)
2026-04-18 09:08:34,321 [INFO] __main__:   balance_sheet: OK (assets=5784639.54)
2026-04-18 09:08:34,321 [INFO] __main__:   cash_flow_sheet: OK (net_cf=124748.81)
2026-04-18 09:08:34,321 [INFO] __main__:   core_indicators: OK (eps=1.0)
2026-04-18 09:08:34,327 [INFO] __main__: Processing: 华润三九：2025年三季度报告.pdf
2026-04-18 09:08:34,336 [INFO] pdfExtractor.pdf_parser: Opened PDF: 华润三九：2025年三季度报告.pdf (11 pages)
2026-04-18 09:08:35,152 [INFO] __main__:   Stock: 000999 (华润三九), Period: 2025Q3
2026-04-18 09:08:35,361 [INFO] __main__:   income_sheet: OK (revenue=2198640.4)
2026-04-18 09:08:35,362 [INFO] __main__:   balance_sheet: OK (assets=5656398.18)
2026-04-18 09:08:35,362 [INFO] __main__:   cash_flow_sheet: OK (net_cf=-83870.44)
2026-04-18 09:08:35,362 [INFO] __main__:   core_indicators: OK (eps=0.32)
2026-04-18 09:08:35,372 [INFO] __main__: Processing: 华润三九：2025年半年度报告.pdf
2026-04-18 09:08:35,502 [INFO] pdfExtractor.pdf_parser: Opened PDF: 华润三九：2025年半年度报告.pdf (209 pages)
2026-04-18 09:08:35,753 [INFO] __main__:   Stock: 000999 (华润三九), Period: 2025HY
2026-04-18 09:08:52,837 [INFO] __main__:   income_sheet: OK (revenue=1481016.02)
2026-04-18 09:08:52,837 [INFO] __main__:   balance_sheet: OK (assets=5725989.25)
2026-04-18 09:08:52,837 [INFO] __main__:   cash_flow_sheet: OK (net_cf=-11215.23)
2026-04-18 09:08:52,838 [INFO] __main__:   core_indicators: OK (eps=1.09)
2026-04-18 09:08:52,852 [INFO] __main__: Processing: 华润三九：2025年半年度报告摘要.pdf
2026-04-18 09:08:52,854 [INFO] pdfExtractor.pdf_parser: Opened PDF: 华润三九：2025年半年度报告摘要.pdf (4 pages)
2026-04-18 09:08:53,069 [INFO] __main__:   Stock: 000999 (华润三九), Period: 2025HY
2026-04-18 09:08:53,089 [INFO] __main__: 
Processed 22/36 PDFs successfully
2026-04-18 09:08:53,089 [WARNING] __main__: Errors (14):
2026-04-18 09:08:53,089 [WARNING] __main__:   - {"pdf": "600080_20230428_FQ2V.pdf", "failure_stage": "field_extraction", "reason": "missing_statement_output", "details": {"missing": ["income_sheet", "balance_sheet", "cash_flow_sheet"], "diagnostics": [{"stage": "field_match", "reason": "missing_field", "field": "total_operating_revenue", "primary_score": null}, {"stage": "field_match", "reason": "missing_field", "field": "net_profit", "primary_score": null}, {"stage": "field_match", "reason": "missing_field", "field": "other_income", "primary_score": null}, {"stage": "field_match", "reason": "missing_field", "field": "operating_expense_cost_of_sales", "primary_score": null}, {"stage": "field_match", "reason": "missing_field", "field": "operating_expense_selling_expenses", "primary_score": null}, {"stage": "field_match", "reason": "missing_field", "field": "operating_expense_administrative_expenses", "primary_score": null}, {"stage": "field_match", "reason": "missing_field", "field": "operating_expense_financial_expenses", "primary_score": null}, {"stage": "field_match", "reason": "missing_field", "field": "operating_expense_rnd_expenses", "primary_score": null}, {"stage": "field_match", "reason": "missing_field", "field": "operating_expense_taxes_and_surcharges", "primary_score": null}, {"stage": "field_match", "reason": "missing_field", "field": "total_operating_expenses", "primary_score": null}, {"stage": "field_match", "reason": "missing_field", "field": "operating_profit", "primary_score": null}, {"stage": "field_match", "reason": "missing_field", "field": "total_profit", "primary_score": null}, {"stage": "field_match", "reason": "missing_field", "field": "asset_impairment_loss", "primary_score": null}, {"stage": "field_match", "reason": "missing_field", "field": "credit_impairment_loss", "primary_score": null}, {"stage": "field_match", "reason": "missing_field", "field": "asset_cash_and_cash_equivalents", "primary_score": null}, {"stage": "field_match", "reason": "missing_field", "field": "asset_accounts_receivable", "primary_score": null}, {"stage": "field_match", "reason": "missing_field", "field": "asset_inventory", "primary_score": null}, {"stage": "field_match", "reason": "missing_field", "field": "asset_trading_financial_assets", "primary_score": null}, {"stage": "field_match", "reason": "missing_field", "field": "asset_construction_in_progress", "primary_score": null}, {"stage": "field_match", "reason": "missing_field", "field": "asset_total_assets", "primary_score": null}, {"stage": "field_match", "reason": "missing_field", "field": "liability_accounts_payable", "primary_score": null}, {"stage": "field_match", "reason": "missing_field", "field": "liability_advance_from_customers", "primary_score": null}, {"stage": "field_match", "reason": "missing_field", "field": "liability_total_liabilities", "primary_score": null}, {"stage": "field_match", "reason": "missing_field", "field": "liability_contract_liabilities", "primary_score": null}, {"stage": "field_match", "reason": "missing_field", "field": "liability_short_term_loans", "primary_score": null}, {"stage": "field_match", "reason": "missing_field", "field": "equity_unappropriated_profit", "primary_score": null}, {"stage": "field_match", "reason": "missing_field", "field": "equity_total_equity", "primary_score": null}, {"stage": "field_match", "reason": "missing_field", "field": "net_cash_flow", "primary_score": null}, {"stage": "field_match", "reason": "missing_field", "field": "operating_cf_net_amount", "primary_score": null}, {"stage": "field_match", "reason": "missing_field", "field": "investing_cf_net_amount", "primary_score": null}, {"stage": "field_match", "reason": "missing_field", "field": "financing_cf_net_amount", "primary_score": null}, {"stage": "field_match", "reason": "missing_field", "field": "operating_cf_cash_from_sales", "primary_score": null}, {"stage": "field_match", "reason": "missing_field", "field": "investing_cf_cash_for_investments", "primary_score": null}, {"stage": "field_match", "reason": "missing_field", "field": "investing_cf_cash_from_investment_recovery", "primary_score": null}, {"stage": "field_match", "reason": "missing_field", "field": "financing_cf_cash_from_borrowing", "primary_score": null}, {"stage": "field_match", "reason": "missing_field", "field": "financing_cf_cash_for_debt_repayment", "primary_score": null}, {"stage": "field_match", "reason": "missing_field", "field": "roe_weighted_excl_non_recurring", "primary_score": null}, {"stage": "field_match", "reason": "missing_field", "field": "net_profit_excl_non_recurring", "primary_score": null}, {"stage": "field_match", "reason": "missing_field", "field": "equity_parent", "primary_score": null}, {"stage": "field_match", "reason": "missing_field", "field": "share_capital", "primary_score": null}]}}
2026-04-18 09:08:53,089 [WARNING] __main__:   - {"pdf": "600080_20230428_PCK7.pdf", "failure_stage": "preinsert_validation", "reason": "absolute value exceeds guardrail 100000", "details": {"table": "core_performance_indicators_sheet", "field": "net_profit_excl_non_recurring_yoy", "value": 2350500.0}}
2026-04-18 09:08:53,089 [WARNING] __main__:   - {"pdf": "600080_20230819_DNUE.pdf", "failure_stage": "field_extraction", "reason": "missing_statement_output", "details": {"missing": ["income_sheet", "balance_sheet", "cash_flow_sheet", "core_performance_indicators_sheet"], "diagnostics": [{"stage": "field_match", "reason": "missing_field", "field": "total_operating_revenue", "primary_score": null}, {"stage": "field_match", "reason": "missing_field", "field": "net_profit", "primary_score": null}, {"stage": "field_match", "reason": "missing_field", "field": "other_income", "primary_score": null}, {"stage": "field_match", "reason": "missing_field", "field": "operating_expense_cost_of_sales", "primary_score": null}, {"stage": "field_match", "reason": "missing_field", "field": "operating_expense_selling_expenses", "primary_score": null}, {"stage": "field_match", "reason": "missing_field", "field": "operating_expense_administrative_expenses", "primary_score": null}, {"stage": "field_match", "reason": "missing_field", "field": "operating_expense_financial_expenses", "primary_score": null}, {"stage": "field_match", "reason": "missing_field", "field": "operating_expense_rnd_expenses", "primary_score": null}, {"stage": "field_match", "reason": "missing_field", "field": "operating_expense_taxes_and_surcharges", "primary_score": null}, {"stage": "field_match", "reason": "missing_field", "field": "total_operating_expenses", "primary_score": null}, {"stage": "field_match", "reason": "missing_field", "field": "operating_profit", "primary_score": null}, {"stage": "field_match", "reason": "missing_field", "field": "total_profit", "primary_score": null}, {"stage": "field_match", "reason": "missing_field", "field": "asset_impairment_loss", "primary_score": null}, {"stage": "field_match", "reason": "missing_field", "field": "credit_impairment_loss", "primary_score": null}, {"stage": "field_match", "reason": "missing_field", "field": "asset_cash_and_cash_equivalents", "primary_score": null}, {"stage": "field_match", "reason": "missing_field", "field": "asset_accounts_receivable", "primary_score": null}, {"stage": "field_match", "reason": "missing_field", "field": "asset_inventory", "primary_score": null}, {"stage": "field_match", "reason": "missing_field", "field": "asset_trading_financial_assets", "primary_score": null}, {"stage": "field_match", "reason": "missing_field", "field": "asset_construction_in_progress", "primary_score": null}, {"stage": "field_match", "reason": "missing_field", "field": "asset_total_assets", "primary_score": null}, {"stage": "field_match", "reason": "missing_field", "field": "liability_accounts_payable", "primary_score": null}, {"stage": "field_match", "reason": "missing_field", "field": "liability_advance_from_customers", "primary_score": null}, {"stage": "field_match", "reason": "missing_field", "field": "liability_total_liabilities", "primary_score": null}, {"stage": "field_match", "reason": "missing_field", "field": "liability_contract_liabilities", "primary_score": null}, {"stage": "field_match", "reason": "missing_field", "field": "liability_short_term_loans", "primary_score": null}, {"stage": "field_match", "reason": "missing_field", "field": "equity_unappropriated_profit", "primary_score": null}, {"stage": "field_match", "reason": "missing_field", "field": "equity_total_equity", "primary_score": null}, {"stage": "field_match", "reason": "missing_field", "field": "net_cash_flow", "primary_score": null}, {"stage": "field_match", "reason": "missing_field", "field": "operating_cf_net_amount", "primary_score": null}, {"stage": "field_match", "reason": "missing_field", "field": "investing_cf_net_amount", "primary_score": null}, {"stage": "field_match", "reason": "missing_field", "field": "financing_cf_net_amount", "primary_score": null}, {"stage": "field_match", "reason": "missing_field", "field": "operating_cf_cash_from_sales", "primary_score": null}, {"stage": "field_match", "reason": "missing_field", "field": "investing_cf_cash_for_investments", "primary_score": null}, {"stage": "field_match", "reason": "missing_field", "field": "investing_cf_cash_from_investment_recovery", "primary_score": null}, {"stage": "field_match", "reason": "missing_field", "field": "financing_cf_cash_from_borrowing", "primary_score": null}, {"stage": "field_match", "reason": "missing_field", "field": "financing_cf_cash_for_debt_repayment", "primary_score": null}, {"stage": "field_match", "reason": "missing_field", "field": "eps", "primary_score": null}, {"stage": "field_match", "reason": "missing_field", "field": "roe", "primary_score": null}, {"stage": "field_match", "reason": "missing_field", "field": "roe_weighted_excl_non_recurring", "primary_score": null}, {"stage": "field_match", "reason": "missing_field", "field": "net_profit_excl_non_recurring", "primary_score": null}, {"stage": "field_match", "reason": "missing_field", "field": "equity_parent", "primary_score": null}, {"stage": "field_match", "reason": "missing_field", "field": "share_capital", "primary_score": null}]}}
2026-04-18 09:08:53,089 [WARNING] __main__:   - {"pdf": "600080_20240427_IBMB.pdf", "failure_stage": "preinsert_validation", "reason": "absolute value exceeds guardrail 100000", "details": {"table": "core_performance_indicators_sheet", "field": "net_profit_excl_non_recurring_yoy", "value": 4239400.0}}
2026-04-18 09:08:53,089 [WARNING] __main__:   - {"pdf": "600080_20240427_W39O.pdf", "failure_stage": "field_extraction", "reason": "missing_statement_output", "details": {"missing": ["income_sheet", "balance_sheet", "cash_flow_sheet"], "diagnostics": [{"stage": "field_match", "reason": "missing_field", "field": "total_operating_revenue", "primary_score": null}, {"stage": "field_match", "reason": "missing_field", "field": "net_profit", "primary_score": null}, {"stage": "field_match", "reason": "missing_field", "field": "other_income", "primary_score": null}, {"stage": "field_match", "reason": "missing_field", "field": "operating_expense_cost_of_sales", "primary_score": null}, {"stage": "field_match", "reason": "missing_field", "field": "operating_expense_selling_expenses", "primary_score": null}, {"stage": "field_match", "reason": "missing_field", "field": "operating_expense_administrative_expenses", "primary_score": null}, {"stage": "field_match", "reason": "missing_field", "field": "operating_expense_financial_expenses", "primary_score": null}, {"stage": "field_match", "reason": "missing_field", "field": "operating_expense_rnd_expenses", "primary_score": null}, {"stage": "field_match", "reason": "missing_field", "field": "operating_expense_taxes_and_surcharges", "primary_score": null}, {"stage": "field_match", "reason": "missing_field", "field": "total_operating_expenses", "primary_score": null}, {"stage": "field_match", "reason": "missing_field", "field": "operating_profit", "primary_score": null}, {"stage": "field_match", "reason": "missing_field", "field": "total_profit", "primary_score": null}, {"stage": "field_match", "reason": "missing_field", "field": "asset_impairment_loss", "primary_score": null}, {"stage": "field_match", "reason": "missing_field", "field": "credit_impairment_loss", "primary_score": null}, {"stage": "field_match", "reason": "missing_field", "field": "asset_cash_and_cash_equivalents", "primary_score": null}, {"stage": "field_match", "reason": "missing_field", "field": "asset_accounts_receivable", "primary_score": null}, {"stage": "field_match", "reason": "missing_field", "field": "asset_inventory", "primary_score": null}, {"stage": "field_match", "reason": "missing_field", "field": "asset_trading_financial_assets", "primary_score": null}, {"stage": "field_match", "reason": "missing_field", "field": "asset_construction_in_progress", "primary_score": null}, {"stage": "field_match", "reason": "missing_field", "field": "asset_total_assets", "primary_score": null}, {"stage": "field_match", "reason": "missing_field", "field": "liability_accounts_payable", "primary_score": null}, {"stage": "field_match", "reason": "missing_field", "field": "liability_advance_from_customers", "primary_score": null}, {"stage": "field_match", "reason": "missing_field", "field": "liability_total_liabilities", "primary_score": null}, {"stage": "field_match", "reason": "missing_field", "field": "liability_contract_liabilities", "primary_score": null}, {"stage": "field_match", "reason": "missing_field", "field": "liability_short_term_loans", "primary_score": null}, {"stage": "field_match", "reason": "missing_field", "field": "equity_unappropriated_profit", "primary_score": null}, {"stage": "field_match", "reason": "missing_field", "field": "equity_total_equity", "primary_score": null}, {"stage": "field_match", "reason": "missing_field", "field": "net_cash_flow", "primary_score": null}, {"stage": "field_match", "reason": "missing_field", "field": "operating_cf_net_amount", "primary_score": null}, {"stage": "field_match", "reason": "missing_field", "field": "investing_cf_net_amount", "primary_score": null}, {"stage": "field_match", "reason": "missing_field", "field": "financing_cf_net_amount", "primary_score": null}, {"stage": "field_match", "reason": "missing_field", "field": "operating_cf_cash_from_sales", "primary_score": null}, {"stage": "field_match", "reason": "missing_field", "field": "investing_cf_cash_for_investments", "primary_score": null}, {"stage": "field_match", "reason": "missing_field", "field": "investing_cf_cash_from_investment_recovery", "primary_score": null}, {"stage": "field_match", "reason": "missing_field", "field": "financing_cf_cash_from_borrowing", "primary_score": null}, {"stage": "field_match", "reason": "missing_field", "field": "financing_cf_cash_for_debt_repayment", "primary_score": null}, {"stage": "field_match", "reason": "missing_field", "field": "roe_weighted_excl_non_recurring", "primary_score": null}, {"stage": "field_match", "reason": "missing_field", "field": "net_profit_excl_non_recurring", "primary_score": null}, {"stage": "field_match", "reason": "missing_field", "field": "equity_parent", "primary_score": null}, {"stage": "field_match", "reason": "missing_field", "field": "share_capital", "primary_score": null}]}}
2026-04-18 09:08:53,090 [WARNING] __main__:   - {"pdf": "600080_20240817_6AW9.pdf", "failure_stage": "field_extraction", "reason": "missing_statement_output", "details": {"missing": ["income_sheet", "balance_sheet", "cash_flow_sheet", "core_performance_indicators_sheet"], "diagnostics": [{"stage": "field_match", "reason": "missing_field", "field": "total_operating_revenue", "primary_score": null}, {"stage": "field_match", "reason": "missing_field", "field": "net_profit", "primary_score": null}, {"stage": "field_match", "reason": "missing_field", "field": "other_income", "primary_score": null}, {"stage": "field_match", "reason": "missing_field", "field": "operating_expense_cost_of_sales", "primary_score": null}, {"stage": "field_match", "reason": "missing_field", "field": "operating_expense_selling_expenses", "primary_score": null}, {"stage": "field_match", "reason": "missing_field", "field": "operating_expense_administrative_expenses", "primary_score": null}, {"stage": "field_match", "reason": "missing_field", "field": "operating_expense_financial_expenses", "primary_score": null}, {"stage": "field_match", "reason": "missing_field", "field": "operating_expense_rnd_expenses", "primary_score": null}, {"stage": "field_match", "reason": "missing_field", "field": "operating_expense_taxes_and_surcharges", "primary_score": null}, {"stage": "field_match", "reason": "missing_field", "field": "total_operating_expenses", "primary_score": null}, {"stage": "field_match", "reason": "missing_field", "field": "operating_profit", "primary_score": null}, {"stage": "field_match", "reason": "missing_field", "field": "total_profit", "primary_score": null}, {"stage": "field_match", "reason": "missing_field", "field": "asset_impairment_loss", "primary_score": null}, {"stage": "field_match", "reason": "missing_field", "field": "credit_impairment_loss", "primary_score": null}, {"stage": "field_match", "reason": "missing_field", "field": "asset_cash_and_cash_equivalents", "primary_score": null}, {"stage": "field_match", "reason": "missing_field", "field": "asset_accounts_receivable", "primary_score": null}, {"stage": "field_match", "reason": "missing_field", "field": "asset_inventory", "primary_score": null}, {"stage": "field_match", "reason": "missing_field", "field": "asset_trading_financial_assets", "primary_score": null}, {"stage": "field_match", "reason": "missing_field", "field": "asset_construction_in_progress", "primary_score": null}, {"stage": "field_match", "reason": "missing_field", "field": "asset_total_assets", "primary_score": null}, {"stage": "field_match", "reason": "missing_field", "field": "liability_accounts_payable", "primary_score": null}, {"stage": "field_match", "reason": "missing_field", "field": "liability_advance_from_customers", "primary_score": null}, {"stage": "field_match", "reason": "missing_field", "field": "liability_total_liabilities", "primary_score": null}, {"stage": "field_match", "reason": "missing_field", "field": "liability_contract_liabilities", "primary_score": null}, {"stage": "field_match", "reason": "missing_field", "field": "liability_short_term_loans", "primary_score": null}, {"stage": "field_match", "reason": "missing_field", "field": "equity_unappropriated_profit", "primary_score": null}, {"stage": "field_match", "reason": "missing_field", "field": "equity_total_equity", "primary_score": null}, {"stage": "field_match", "reason": "missing_field", "field": "net_cash_flow", "primary_score": null}, {"stage": "field_match", "reason": "missing_field", "field": "operating_cf_net_amount", "primary_score": null}, {"stage": "field_match", "reason": "missing_field", "field": "investing_cf_net_amount", "primary_score": null}, {"stage": "field_match", "reason": "missing_field", "field": "financing_cf_net_amount", "primary_score": null}, {"stage": "field_match", "reason": "missing_field", "field": "operating_cf_cash_from_sales", "primary_score": null}, {"stage": "field_match", "reason": "missing_field", "field": "investing_cf_cash_for_investments", "primary_score": null}, {"stage": "field_match", "reason": "missing_field", "field": "investing_cf_cash_from_investment_recovery", "primary_score": null}, {"stage": "field_match", "reason": "missing_field", "field": "financing_cf_cash_from_borrowing", "primary_score": null}, {"stage": "field_match", "reason": "missing_field", "field": "financing_cf_cash_for_debt_repayment", "primary_score": null}, {"stage": "field_match", "reason": "missing_field", "field": "eps", "primary_score": null}, {"stage": "field_match", "reason": "missing_field", "field": "roe", "primary_score": null}, {"stage": "field_match", "reason": "missing_field", "field": "roe_weighted_excl_non_recurring", "primary_score": null}, {"stage": "field_match", "reason": "missing_field", "field": "net_profit_excl_non_recurring", "primary_score": null}, {"stage": "field_match", "reason": "missing_field", "field": "equity_parent", "primary_score": null}, {"stage": "field_match", "reason": "missing_field", "field": "share_capital", "primary_score": null}]}}
2026-04-18 09:08:53,090 [WARNING] __main__:   - {"pdf": "600080_20250425_P7ID.pdf", "failure_stage": "field_extraction", "reason": "missing_statement_output", "details": {"missing": ["income_sheet", "balance_sheet", "cash_flow_sheet"], "diagnostics": [{"stage": "field_match", "reason": "missing_field", "field": "total_operating_revenue", "primary_score": null}, {"stage": "field_match", "reason": "missing_field", "field": "net_profit", "primary_score": null}, {"stage": "field_match", "reason": "missing_field", "field": "other_income", "primary_score": null}, {"stage": "field_match", "reason": "missing_field", "field": "operating_expense_cost_of_sales", "primary_score": null}, {"stage": "field_match", "reason": "missing_field", "field": "operating_expense_selling_expenses", "primary_score": null}, {"stage": "field_match", "reason": "missing_field", "field": "operating_expense_administrative_expenses", "primary_score": null}, {"stage": "field_match", "reason": "missing_field", "field": "operating_expense_financial_expenses", "primary_score": null}, {"stage": "field_match", "reason": "missing_field", "field": "operating_expense_rnd_expenses", "primary_score": null}, {"stage": "field_match", "reason": "missing_field", "field": "operating_expense_taxes_and_surcharges", "primary_score": null}, {"stage": "field_match", "reason": "missing_field", "field": "total_operating_expenses", "primary_score": null}, {"stage": "field_match", "reason": "missing_field", "field": "operating_profit", "primary_score": null}, {"stage": "field_match", "reason": "missing_field", "field": "total_profit", "primary_score": null}, {"stage": "field_match", "reason": "missing_field", "field": "asset_impairment_loss", "primary_score": null}, {"stage": "field_match", "reason": "missing_field", "field": "credit_impairment_loss", "primary_score": null}, {"stage": "field_match", "reason": "missing_field", "field": "asset_cash_and_cash_equivalents", "primary_score": null}, {"stage": "field_match", "reason": "missing_field", "field": "asset_accounts_receivable", "primary_score": null}, {"stage": "field_match", "reason": "missing_field", "field": "asset_inventory", "primary_score": null}, {"stage": "field_match", "reason": "missing_field", "field": "asset_trading_financial_assets", "primary_score": null}, {"stage": "field_match", "reason": "missing_field", "field": "asset_construction_in_progress", "primary_score": null}, {"stage": "field_match", "reason": "missing_field", "field": "asset_total_assets", "primary_score": null}, {"stage": "field_match", "reason": "missing_field", "field": "liability_accounts_payable", "primary_score": null}, {"stage": "field_match", "reason": "missing_field", "field": "liability_advance_from_customers", "primary_score": null}, {"stage": "field_match", "reason": "missing_field", "field": "liability_total_liabilities", "primary_score": null}, {"stage": "field_match", "reason": "missing_field", "field": "liability_contract_liabilities", "primary_score": null}, {"stage": "field_match", "reason": "missing_field", "field": "liability_short_term_loans", "primary_score": null}, {"stage": "field_match", "reason": "missing_field", "field": "equity_unappropriated_profit", "primary_score": null}, {"stage": "field_match", "reason": "missing_field", "field": "equity_total_equity", "primary_score": null}, {"stage": "field_match", "reason": "missing_field", "field": "net_cash_flow", "primary_score": null}, {"stage": "field_match", "reason": "missing_field", "field": "operating_cf_net_amount", "primary_score": null}, {"stage": "field_match", "reason": "missing_field", "field": "investing_cf_net_amount", "primary_score": null}, {"stage": "field_match", "reason": "missing_field", "field": "financing_cf_net_amount", "primary_score": null}, {"stage": "field_match", "reason": "missing_field", "field": "operating_cf_cash_from_sales", "primary_score": null}, {"stage": "field_match", "reason": "missing_field", "field": "investing_cf_cash_for_investments", "primary_score": null}, {"stage": "field_match", "reason": "missing_field", "field": "investing_cf_cash_from_investment_recovery", "primary_score": null}, {"stage": "field_match", "reason": "missing_field", "field": "financing_cf_cash_from_borrowing", "primary_score": null}, {"stage": "field_match", "reason": "missing_field", "field": "financing_cf_cash_for_debt_repayment", "primary_score": null}, {"stage": "field_match", "reason": "missing_field", "field": "roe_weighted_excl_non_recurring", "primary_score": null}, {"stage": "field_match", "reason": "missing_field", "field": "net_profit_excl_non_recurring", "primary_score": null}, {"stage": "field_match", "reason": "missing_field", "field": "equity_parent", "primary_score": null}, {"stage": "field_match", "reason": "missing_field", "field": "share_capital", "primary_score": null}]}}
2026-04-18 09:08:53,090 [WARNING] __main__:   - {"pdf": "600080_20250822_ABVM.pdf", "failure_stage": "field_extraction", "reason": "missing_statement_output", "details": {"missing": ["income_sheet", "balance_sheet", "cash_flow_sheet", "core_performance_indicators_sheet"], "diagnostics": [{"stage": "field_match", "reason": "missing_field", "field": "total_operating_revenue", "primary_score": null}, {"stage": "field_match", "reason": "missing_field", "field": "net_profit", "primary_score": null}, {"stage": "field_match", "reason": "missing_field", "field": "other_income", "primary_score": null}, {"stage": "field_match", "reason": "missing_field", "field": "operating_expense_cost_of_sales", "primary_score": null}, {"stage": "field_match", "reason": "missing_field", "field": "operating_expense_selling_expenses", "primary_score": null}, {"stage": "field_match", "reason": "missing_field", "field": "operating_expense_administrative_expenses", "primary_score": null}, {"stage": "field_match", "reason": "missing_field", "field": "operating_expense_financial_expenses", "primary_score": null}, {"stage": "field_match", "reason": "missing_field", "field": "operating_expense_rnd_expenses", "primary_score": null}, {"stage": "field_match", "reason": "missing_field", "field": "operating_expense_taxes_and_surcharges", "primary_score": null}, {"stage": "field_match", "reason": "missing_field", "field": "total_operating_expenses", "primary_score": null}, {"stage": "field_match", "reason": "missing_field", "field": "operating_profit", "primary_score": null}, {"stage": "field_match", "reason": "missing_field", "field": "total_profit", "primary_score": null}, {"stage": "field_match", "reason": "missing_field", "field": "asset_impairment_loss", "primary_score": null}, {"stage": "field_match", "reason": "missing_field", "field": "credit_impairment_loss", "primary_score": null}, {"stage": "field_match", "reason": "missing_field", "field": "asset_cash_and_cash_equivalents", "primary_score": null}, {"stage": "field_match", "reason": "missing_field", "field": "asset_accounts_receivable", "primary_score": null}, {"stage": "field_match", "reason": "missing_field", "field": "asset_inventory", "primary_score": null}, {"stage": "field_match", "reason": "missing_field", "field": "asset_trading_financial_assets", "primary_score": null}, {"stage": "field_match", "reason": "missing_field", "field": "asset_construction_in_progress", "primary_score": null}, {"stage": "field_match", "reason": "missing_field", "field": "asset_total_assets", "primary_score": null}, {"stage": "field_match", "reason": "missing_field", "field": "liability_accounts_payable", "primary_score": null}, {"stage": "field_match", "reason": "missing_field", "field": "liability_advance_from_customers", "primary_score": null}, {"stage": "field_match", "reason": "missing_field", "field": "liability_total_liabilities", "primary_score": null}, {"stage": "field_match", "reason": "missing_field", "field": "liability_contract_liabilities", "primary_score": null}, {"stage": "field_match", "reason": "missing_field", "field": "liability_short_term_loans", "primary_score": null}, {"stage": "field_match", "reason": "missing_field", "field": "equity_unappropriated_profit", "primary_score": null}, {"stage": "field_match", "reason": "missing_field", "field": "equity_total_equity", "primary_score": null}, {"stage": "field_match", "reason": "missing_field", "field": "net_cash_flow", "primary_score": null}, {"stage": "field_match", "reason": "missing_field", "field": "operating_cf_net_amount", "primary_score": null}, {"stage": "field_match", "reason": "missing_field", "field": "investing_cf_net_amount", "primary_score": null}, {"stage": "field_match", "reason": "missing_field", "field": "financing_cf_net_amount", "primary_score": null}, {"stage": "field_match", "reason": "missing_field", "field": "operating_cf_cash_from_sales", "primary_score": null}, {"stage": "field_match", "reason": "missing_field", "field": "investing_cf_cash_for_investments", "primary_score": null}, {"stage": "field_match", "reason": "missing_field", "field": "investing_cf_cash_from_investment_recovery", "primary_score": null}, {"stage": "field_match", "reason": "missing_field", "field": "financing_cf_cash_from_borrowing", "primary_score": null}, {"stage": "field_match", "reason": "missing_field", "field": "financing_cf_cash_for_debt_repayment", "primary_score": null}, {"stage": "field_match", "reason": "missing_field", "field": "eps", "primary_score": null}, {"stage": "field_match", "reason": "missing_field", "field": "roe", "primary_score": null}, {"stage": "field_match", "reason": "missing_field", "field": "roe_weighted_excl_non_recurring", "primary_score": null}, {"stage": "field_match", "reason": "missing_field", "field": "net_profit_excl_non_recurring", "primary_score": null}, {"stage": "field_match", "reason": "missing_field", "field": "equity_parent", "primary_score": null}, {"stage": "field_match", "reason": "missing_field", "field": "share_capital", "primary_score": null}]}}
2026-04-18 09:08:53,090 [WARNING] __main__:   - {"pdf": "华润三九：2022年年度报告摘要.pdf", "failure_stage": "field_extraction", "reason": "missing_statement_output", "details": {"missing": ["income_sheet", "balance_sheet", "cash_flow_sheet"], "diagnostics": [{"stage": "field_match", "reason": "missing_field", "field": "total_operating_revenue", "primary_score": null}, {"stage": "field_match", "reason": "missing_field", "field": "net_profit", "primary_score": null}, {"stage": "field_match", "reason": "missing_field", "field": "other_income", "primary_score": null}, {"stage": "field_match", "reason": "missing_field", "field": "operating_expense_cost_of_sales", "primary_score": null}, {"stage": "field_match", "reason": "missing_field", "field": "operating_expense_selling_expenses", "primary_score": null}, {"stage": "field_match", "reason": "missing_field", "field": "operating_expense_administrative_expenses", "primary_score": null}, {"stage": "field_match", "reason": "missing_field", "field": "operating_expense_financial_expenses", "primary_score": null}, {"stage": "field_match", "reason": "missing_field", "field": "operating_expense_rnd_expenses", "primary_score": null}, {"stage": "field_match", "reason": "missing_field", "field": "operating_expense_taxes_and_surcharges", "primary_score": null}, {"stage": "field_match", "reason": "missing_field", "field": "total_operating_expenses", "primary_score": null}, {"stage": "field_match", "reason": "missing_field", "field": "operating_profit", "primary_score": null}, {"stage": "field_match", "reason": "missing_field", "field": "total_profit", "primary_score": null}, {"stage": "field_match", "reason": "missing_field", "field": "asset_impairment_loss", "primary_score": null}, {"stage": "field_match", "reason": "missing_field", "field": "credit_impairment_loss", "primary_score": null}, {"stage": "field_match", "reason": "missing_field", "field": "asset_cash_and_cash_equivalents", "primary_score": null}, {"stage": "field_match", "reason": "missing_field", "field": "asset_accounts_receivable", "primary_score": null}, {"stage": "field_match", "reason": "missing_field", "field": "asset_inventory", "primary_score": null}, {"stage": "field_match", "reason": "missing_field", "field": "asset_trading_financial_assets", "primary_score": null}, {"stage": "field_match", "reason": "missing_field", "field": "asset_construction_in_progress", "primary_score": null}, {"stage": "field_match", "reason": "missing_field", "field": "asset_total_assets", "primary_score": null}, {"stage": "field_match", "reason": "missing_field", "field": "liability_accounts_payable", "primary_score": null}, {"stage": "field_match", "reason": "missing_field", "field": "liability_advance_from_customers", "primary_score": null}, {"stage": "field_match", "reason": "missing_field", "field": "liability_total_liabilities", "primary_score": null}, {"stage": "field_match", "reason": "missing_field", "field": "liability_contract_liabilities", "primary_score": null}, {"stage": "field_match", "reason": "missing_field", "field": "liability_short_term_loans", "primary_score": null}, {"stage": "field_match", "reason": "missing_field", "field": "equity_unappropriated_profit", "primary_score": null}, {"stage": "field_match", "reason": "missing_field", "field": "equity_total_equity", "primary_score": null}, {"stage": "field_match", "reason": "missing_field", "field": "net_cash_flow", "primary_score": null}, {"stage": "field_match", "reason": "missing_field", "field": "operating_cf_net_amount", "primary_score": null}, {"stage": "field_match", "reason": "missing_field", "field": "investing_cf_net_amount", "primary_score": null}, {"stage": "field_match", "reason": "missing_field", "field": "financing_cf_net_amount", "primary_score": null}, {"stage": "field_match", "reason": "missing_field", "field": "operating_cf_cash_from_sales", "primary_score": null}, {"stage": "field_match", "reason": "missing_field", "field": "investing_cf_cash_for_investments", "primary_score": null}, {"stage": "field_match", "reason": "missing_field", "field": "investing_cf_cash_from_investment_recovery", "primary_score": null}, {"stage": "field_match", "reason": "missing_field", "field": "financing_cf_cash_from_borrowing", "primary_score": null}, {"stage": "field_match", "reason": "missing_field", "field": "financing_cf_cash_for_debt_repayment", "primary_score": null}, {"stage": "field_match", "reason": "missing_field", "field": "roe", "primary_score": null}, {"stage": "field_match", "reason": "missing_field", "field": "roe_weighted_excl_non_recurring", "primary_score": null}, {"stage": "field_match", "reason": "missing_field", "field": "net_profit_excl_non_recurring", "primary_score": null}, {"stage": "field_match", "reason": "missing_field", "field": "equity_parent", "primary_score": null}, {"stage": "field_match", "reason": "missing_field", "field": "share_capital", "primary_score": null}]}}
2026-04-18 09:08:53,090 [WARNING] __main__:   - {"pdf": "华润三九：2023年半年度报告摘要.pdf", "failure_stage": "field_extraction", "reason": "missing_statement_output", "details": {"missing": ["income_sheet", "balance_sheet", "cash_flow_sheet", "core_performance_indicators_sheet"], "diagnostics": [{"stage": "field_match", "reason": "missing_field", "field": "total_operating_revenue", "primary_score": null}, {"stage": "field_match", "reason": "missing_field", "field": "net_profit", "primary_score": null}, {"stage": "field_match", "reason": "missing_field", "field": "other_income", "primary_score": null}, {"stage": "field_match", "reason": "missing_field", "field": "operating_expense_cost_of_sales", "primary_score": null}, {"stage": "field_match", "reason": "missing_field", "field": "operating_expense_selling_expenses", "primary_score": null}, {"stage": "field_match", "reason": "missing_field", "field": "operating_expense_administrative_expenses", "primary_score": null}, {"stage": "field_match", "reason": "missing_field", "field": "operating_expense_financial_expenses", "primary_score": null}, {"stage": "field_match", "reason": "missing_field", "field": "operating_expense_rnd_expenses", "primary_score": null}, {"stage": "field_match", "reason": "missing_field", "field": "operating_expense_taxes_and_surcharges", "primary_score": null}, {"stage": "field_match", "reason": "missing_field", "field": "total_operating_expenses", "primary_score": null}, {"stage": "field_match", "reason": "missing_field", "field": "operating_profit", "primary_score": null}, {"stage": "field_match", "reason": "missing_field", "field": "total_profit", "primary_score": null}, {"stage": "field_match", "reason": "missing_field", "field": "asset_impairment_loss", "primary_score": null}, {"stage": "field_match", "reason": "missing_field", "field": "credit_impairment_loss", "primary_score": null}, {"stage": "field_match", "reason": "missing_field", "field": "asset_cash_and_cash_equivalents", "primary_score": null}, {"stage": "field_match", "reason": "missing_field", "field": "asset_accounts_receivable", "primary_score": null}, {"stage": "field_match", "reason": "missing_field", "field": "asset_inventory", "primary_score": null}, {"stage": "field_match", "reason": "missing_field", "field": "asset_trading_financial_assets", "primary_score": null}, {"stage": "field_match", "reason": "missing_field", "field": "asset_construction_in_progress", "primary_score": null}, {"stage": "field_match", "reason": "missing_field", "field": "asset_total_assets", "primary_score": null}, {"stage": "field_match", "reason": "missing_field", "field": "liability_accounts_payable", "primary_score": null}, {"stage": "field_match", "reason": "missing_field", "field": "liability_advance_from_customers", "primary_score": null}, {"stage": "field_match", "reason": "missing_field", "field": "liability_total_liabilities", "primary_score": null}, {"stage": "field_match", "reason": "missing_field", "field": "liability_contract_liabilities", "primary_score": null}, {"stage": "field_match", "reason": "missing_field", "field": "liability_short_term_loans", "primary_score": null}, {"stage": "field_match", "reason": "missing_field", "field": "equity_unappropriated_profit", "primary_score": null}, {"stage": "field_match", "reason": "missing_field", "field": "equity_total_equity", "primary_score": null}, {"stage": "field_match", "reason": "missing_field", "field": "net_cash_flow", "primary_score": null}, {"stage": "field_match", "reason": "missing_field", "field": "operating_cf_net_amount", "primary_score": null}, {"stage": "field_match", "reason": "missing_field", "field": "investing_cf_net_amount", "primary_score": null}, {"stage": "field_match", "reason": "missing_field", "field": "financing_cf_net_amount", "primary_score": null}, {"stage": "field_match", "reason": "missing_field", "field": "operating_cf_cash_from_sales", "primary_score": null}, {"stage": "field_match", "reason": "missing_field", "field": "investing_cf_cash_for_investments", "primary_score": null}, {"stage": "field_match", "reason": "missing_field", "field": "investing_cf_cash_from_investment_recovery", "primary_score": null}, {"stage": "field_match", "reason": "missing_field", "field": "financing_cf_cash_from_borrowing", "primary_score": null}, {"stage": "field_match", "reason": "missing_field", "field": "financing_cf_cash_for_debt_repayment", "primary_score": null}, {"stage": "field_match", "reason": "missing_field", "field": "eps", "primary_score": null}, {"stage": "field_match", "reason": "missing_field", "field": "roe", "primary_score": null}, {"stage": "field_match", "reason": "missing_field", "field": "roe_weighted_excl_non_recurring", "primary_score": null}, {"stage": "field_match", "reason": "missing_field", "field": "net_profit_excl_non_recurring", "primary_score": null}, {"stage": "field_match", "reason": "missing_field", "field": "equity_parent", "primary_score": null}, {"stage": "field_match", "reason": "missing_field", "field": "share_capital", "primary_score": null}]}}
2026-04-18 09:08:53,090 [WARNING] __main__:   - {"pdf": "华润三九：2023年年度报告摘要.pdf", "failure_stage": "field_extraction", "reason": "missing_statement_output", "details": {"missing": ["income_sheet", "balance_sheet", "cash_flow_sheet"], "diagnostics": [{"stage": "field_match", "reason": "missing_field", "field": "total_operating_revenue", "primary_score": null}, {"stage": "field_match", "reason": "missing_field", "field": "net_profit", "primary_score": null}, {"stage": "field_match", "reason": "missing_field", "field": "other_income", "primary_score": null}, {"stage": "field_match", "reason": "missing_field", "field": "operating_expense_cost_of_sales", "primary_score": null}, {"stage": "field_match", "reason": "missing_field", "field": "operating_expense_selling_expenses", "primary_score": null}, {"stage": "field_match", "reason": "missing_field", "field": "operating_expense_administrative_expenses", "primary_score": null}, {"stage": "field_match", "reason": "missing_field", "field": "operating_expense_financial_expenses", "primary_score": null}, {"stage": "field_match", "reason": "missing_field", "field": "operating_expense_rnd_expenses", "primary_score": null}, {"stage": "field_match", "reason": "missing_field", "field": "operating_expense_taxes_and_surcharges", "primary_score": null}, {"stage": "field_match", "reason": "missing_field", "field": "total_operating_expenses", "primary_score": null}, {"stage": "field_match", "reason": "missing_field", "field": "operating_profit", "primary_score": null}, {"stage": "field_match", "reason": "missing_field", "field": "total_profit", "primary_score": null}, {"stage": "field_match", "reason": "missing_field", "field": "asset_impairment_loss", "primary_score": null}, {"stage": "field_match", "reason": "missing_field", "field": "credit_impairment_loss", "primary_score": null}, {"stage": "field_match", "reason": "missing_field", "field": "asset_cash_and_cash_equivalents", "primary_score": null}, {"stage": "field_match", "reason": "missing_field", "field": "asset_accounts_receivable", "primary_score": null}, {"stage": "field_match", "reason": "missing_field", "field": "asset_inventory", "primary_score": null}, {"stage": "field_match", "reason": "missing_field", "field": "asset_trading_financial_assets", "primary_score": null}, {"stage": "field_match", "reason": "missing_field", "field": "asset_construction_in_progress", "primary_score": null}, {"stage": "field_match", "reason": "missing_field", "field": "asset_total_assets", "primary_score": null}, {"stage": "field_match", "reason": "missing_field", "field": "liability_accounts_payable", "primary_score": null}, {"stage": "field_match", "reason": "missing_field", "field": "liability_advance_from_customers", "primary_score": null}, {"stage": "field_match", "reason": "missing_field", "field": "liability_total_liabilities", "primary_score": null}, {"stage": "field_match", "reason": "missing_field", "field": "liability_contract_liabilities", "primary_score": null}, {"stage": "field_match", "reason": "missing_field", "field": "liability_short_term_loans", "primary_score": null}, {"stage": "field_match", "reason": "missing_field", "field": "equity_unappropriated_profit", "primary_score": null}, {"stage": "field_match", "reason": "missing_field", "field": "equity_total_equity", "primary_score": null}, {"stage": "field_match", "reason": "missing_field", "field": "net_cash_flow", "primary_score": null}, {"stage": "field_match", "reason": "missing_field", "field": "operating_cf_net_amount", "primary_score": null}, {"stage": "field_match", "reason": "missing_field", "field": "investing_cf_net_amount", "primary_score": null}, {"stage": "field_match", "reason": "missing_field", "field": "financing_cf_net_amount", "primary_score": null}, {"stage": "field_match", "reason": "missing_field", "field": "operating_cf_cash_from_sales", "primary_score": null}, {"stage": "field_match", "reason": "missing_field", "field": "investing_cf_cash_for_investments", "primary_score": null}, {"stage": "field_match", "reason": "missing_field", "field": "investing_cf_cash_from_investment_recovery", "primary_score": null}, {"stage": "field_match", "reason": "missing_field", "field": "financing_cf_cash_from_borrowing", "primary_score": null}, {"stage": "field_match", "reason": "missing_field", "field": "financing_cf_cash_for_debt_repayment", "primary_score": null}, {"stage": "field_match", "reason": "missing_field", "field": "roe_weighted_excl_non_recurring", "primary_score": 0.6667}, {"stage": "field_match", "reason": "missing_field", "field": "net_profit_excl_non_recurring", "primary_score": 0.6667}, {"stage": "field_match", "reason": "missing_field", "field": "equity_parent", "primary_score": null}, {"stage": "field_match", "reason": "missing_field", "field": "share_capital", "primary_score": null}]}}
2026-04-18 09:08:53,090 [WARNING] __main__:   - {"pdf": "华润三九：2024年半年度报告摘要.pdf", "failure_stage": "field_extraction", "reason": "missing_statement_output", "details": {"missing": ["income_sheet", "balance_sheet", "cash_flow_sheet"], "diagnostics": [{"stage": "field_match", "reason": "missing_field", "field": "total_operating_revenue", "primary_score": null}, {"stage": "field_match", "reason": "missing_field", "field": "net_profit", "primary_score": null}, {"stage": "field_match", "reason": "missing_field", "field": "other_income", "primary_score": null}, {"stage": "field_match", "reason": "missing_field", "field": "operating_expense_cost_of_sales", "primary_score": null}, {"stage": "field_match", "reason": "missing_field", "field": "operating_expense_selling_expenses", "primary_score": null}, {"stage": "field_match", "reason": "missing_field", "field": "operating_expense_administrative_expenses", "primary_score": null}, {"stage": "field_match", "reason": "missing_field", "field": "operating_expense_financial_expenses", "primary_score": null}, {"stage": "field_match", "reason": "missing_field", "field": "operating_expense_rnd_expenses", "primary_score": null}, {"stage": "field_match", "reason": "missing_field", "field": "operating_expense_taxes_and_surcharges", "primary_score": null}, {"stage": "field_match", "reason": "missing_field", "field": "total_operating_expenses", "primary_score": null}, {"stage": "field_match", "reason": "missing_field", "field": "operating_profit", "primary_score": null}, {"stage": "field_match", "reason": "missing_field", "field": "total_profit", "primary_score": null}, {"stage": "field_match", "reason": "missing_field", "field": "asset_impairment_loss", "primary_score": null}, {"stage": "field_match", "reason": "missing_field", "field": "credit_impairment_loss", "primary_score": null}, {"stage": "field_match", "reason": "missing_field", "field": "asset_cash_and_cash_equivalents", "primary_score": null}, {"stage": "field_match", "reason": "missing_field", "field": "asset_accounts_receivable", "primary_score": null}, {"stage": "field_match", "reason": "missing_field", "field": "asset_inventory", "primary_score": null}, {"stage": "field_match", "reason": "missing_field", "field": "asset_trading_financial_assets", "primary_score": null}, {"stage": "field_match", "reason": "missing_field", "field": "asset_construction_in_progress", "primary_score": null}, {"stage": "field_match", "reason": "missing_field", "field": "asset_total_assets", "primary_score": null}, {"stage": "field_match", "reason": "missing_field", "field": "liability_accounts_payable", "primary_score": null}, {"stage": "field_match", "reason": "missing_field", "field": "liability_advance_from_customers", "primary_score": null}, {"stage": "field_match", "reason": "missing_field", "field": "liability_total_liabilities", "primary_score": null}, {"stage": "field_match", "reason": "missing_field", "field": "liability_contract_liabilities", "primary_score": null}, {"stage": "field_match", "reason": "missing_field", "field": "liability_short_term_loans", "primary_score": null}, {"stage": "field_match", "reason": "missing_field", "field": "equity_unappropriated_profit", "primary_score": null}, {"stage": "field_match", "reason": "missing_field", "field": "equity_total_equity", "primary_score": null}, {"stage": "field_match", "reason": "missing_field", "field": "net_cash_flow", "primary_score": null}, {"stage": "field_match", "reason": "missing_field", "field": "operating_cf_net_amount", "primary_score": null}, {"stage": "field_match", "reason": "missing_field", "field": "investing_cf_net_amount", "primary_score": null}, {"stage": "field_match", "reason": "missing_field", "field": "financing_cf_net_amount", "primary_score": null}, {"stage": "field_match", "reason": "missing_field", "field": "operating_cf_cash_from_sales", "primary_score": null}, {"stage": "field_match", "reason": "missing_field", "field": "investing_cf_cash_for_investments", "primary_score": null}, {"stage": "field_match", "reason": "missing_field", "field": "investing_cf_cash_from_investment_recovery", "primary_score": null}, {"stage": "field_match", "reason": "missing_field", "field": "financing_cf_cash_from_borrowing", "primary_score": null}, {"stage": "field_match", "reason": "missing_field", "field": "financing_cf_cash_for_debt_repayment", "primary_score": null}, {"stage": "field_match", "reason": "missing_field", "field": "roe_weighted_excl_non_recurring", "primary_score": 0.6667}, {"stage": "field_match", "reason": "missing_field", "field": "net_profit_excl_non_recurring", "primary_score": null}, {"stage": "field_match", "reason": "missing_field", "field": "equity_parent", "primary_score": null}, {"stage": "field_match", "reason": "missing_field", "field": "share_capital", "primary_score": null}]}}
2026-04-18 09:08:53,090 [WARNING] __main__:   - {"pdf": "华润三九：2024年年度报告摘要.pdf", "failure_stage": "field_extraction", "reason": "missing_statement_output", "details": {"missing": ["income_sheet", "balance_sheet", "cash_flow_sheet"], "diagnostics": [{"stage": "field_match", "reason": "missing_field", "field": "total_operating_revenue", "primary_score": null}, {"stage": "field_match", "reason": "missing_field", "field": "net_profit", "primary_score": null}, {"stage": "field_match", "reason": "missing_field", "field": "other_income", "primary_score": null}, {"stage": "field_match", "reason": "missing_field", "field": "operating_expense_cost_of_sales", "primary_score": null}, {"stage": "field_match", "reason": "missing_field", "field": "operating_expense_selling_expenses", "primary_score": null}, {"stage": "field_match", "reason": "missing_field", "field": "operating_expense_administrative_expenses", "primary_score": null}, {"stage": "field_match", "reason": "missing_field", "field": "operating_expense_financial_expenses", "primary_score": null}, {"stage": "field_match", "reason": "missing_field", "field": "operating_expense_rnd_expenses", "primary_score": null}, {"stage": "field_match", "reason": "missing_field", "field": "operating_expense_taxes_and_surcharges", "primary_score": null}, {"stage": "field_match", "reason": "missing_field", "field": "total_operating_expenses", "primary_score": null}, {"stage": "field_match", "reason": "missing_field", "field": "operating_profit", "primary_score": null}, {"stage": "field_match", "reason": "missing_field", "field": "total_profit", "primary_score": null}, {"stage": "field_match", "reason": "missing_field", "field": "asset_impairment_loss", "primary_score": null}, {"stage": "field_match", "reason": "missing_field", "field": "credit_impairment_loss", "primary_score": null}, {"stage": "field_match", "reason": "missing_field", "field": "asset_cash_and_cash_equivalents", "primary_score": null}, {"stage": "field_match", "reason": "missing_field", "field": "asset_accounts_receivable", "primary_score": null}, {"stage": "field_match", "reason": "missing_field", "field": "asset_inventory", "primary_score": null}, {"stage": "field_match", "reason": "missing_field", "field": "asset_trading_financial_assets", "primary_score": null}, {"stage": "field_match", "reason": "missing_field", "field": "asset_construction_in_progress", "primary_score": null}, {"stage": "field_match", "reason": "missing_field", "field": "asset_total_assets", "primary_score": null}, {"stage": "field_match", "reason": "missing_field", "field": "liability_accounts_payable", "primary_score": null}, {"stage": "field_match", "reason": "missing_field", "field": "liability_advance_from_customers", "primary_score": null}, {"stage": "field_match", "reason": "missing_field", "field": "liability_total_liabilities", "primary_score": null}, {"stage": "field_match", "reason": "missing_field", "field": "liability_contract_liabilities", "primary_score": null}, {"stage": "field_match", "reason": "missing_field", "field": "liability_short_term_loans", "primary_score": null}, {"stage": "field_match", "reason": "missing_field", "field": "equity_unappropriated_profit", "primary_score": null}, {"stage": "field_match", "reason": "missing_field", "field": "equity_total_equity", "primary_score": null}, {"stage": "field_match", "reason": "missing_field", "field": "net_cash_flow", "primary_score": null}, {"stage": "field_match", "reason": "missing_field", "field": "operating_cf_net_amount", "primary_score": null}, {"stage": "field_match", "reason": "missing_field", "field": "investing_cf_net_amount", "primary_score": null}, {"stage": "field_match", "reason": "missing_field", "field": "financing_cf_net_amount", "primary_score": null}, {"stage": "field_match", "reason": "missing_field", "field": "operating_cf_cash_from_sales", "primary_score": null}, {"stage": "field_match", "reason": "missing_field", "field": "investing_cf_cash_for_investments", "primary_score": null}, {"stage": "field_match", "reason": "missing_field", "field": "investing_cf_cash_from_investment_recovery", "primary_score": null}, {"stage": "field_match", "reason": "missing_field", "field": "financing_cf_cash_from_borrowing", "primary_score": null}, {"stage": "field_match", "reason": "missing_field", "field": "financing_cf_cash_for_debt_repayment", "primary_score": null}, {"stage": "field_match", "reason": "missing_field", "field": "roe", "primary_score": null}, {"stage": "field_match", "reason": "missing_field", "field": "roe_weighted_excl_non_recurring", "primary_score": null}, {"stage": "field_match", "reason": "missing_field", "field": "net_profit_excl_non_recurring", "primary_score": null}, {"stage": "field_match", "reason": "missing_field", "field": "equity_parent", "primary_score": null}, {"stage": "field_match", "reason": "missing_field", "field": "share_capital", "primary_score": null}]}}
2026-04-18 09:08:53,090 [WARNING] __main__:   - {"pdf": "华润三九：2025年半年度报告摘要.pdf", "failure_stage": "field_extraction", "reason": "missing_statement_output", "details": {"missing": ["income_sheet", "balance_sheet", "cash_flow_sheet"], "diagnostics": [{"stage": "field_match", "reason": "missing_field", "field": "total_operating_revenue", "primary_score": null}, {"stage": "field_match", "reason": "missing_field", "field": "net_profit", "primary_score": null}, {"stage": "field_match", "reason": "missing_field", "field": "other_income", "primary_score": null}, {"stage": "field_match", "reason": "missing_field", "field": "operating_expense_cost_of_sales", "primary_score": null}, {"stage": "field_match", "reason": "missing_field", "field": "operating_expense_selling_expenses", "primary_score": null}, {"stage": "field_match", "reason": "missing_field", "field": "operating_expense_administrative_expenses", "primary_score": null}, {"stage": "field_match", "reason": "missing_field", "field": "operating_expense_financial_expenses", "primary_score": null}, {"stage": "field_match", "reason": "missing_field", "field": "operating_expense_rnd_expenses", "primary_score": null}, {"stage": "field_match", "reason": "missing_field", "field": "operating_expense_taxes_and_surcharges", "primary_score": null}, {"stage": "field_match", "reason": "missing_field", "field": "total_operating_expenses", "primary_score": null}, {"stage": "field_match", "reason": "missing_field", "field": "operating_profit", "primary_score": null}, {"stage": "field_match", "reason": "missing_field", "field": "total_profit", "primary_score": null}, {"stage": "field_match", "reason": "missing_field", "field": "asset_impairment_loss", "primary_score": null}, {"stage": "field_match", "reason": "missing_field", "field": "credit_impairment_loss", "primary_score": null}, {"stage": "field_match", "reason": "missing_field", "field": "asset_cash_and_cash_equivalents", "primary_score": null}, {"stage": "field_match", "reason": "missing_field", "field": "asset_accounts_receivable", "primary_score": null}, {"stage": "field_match", "reason": "missing_field", "field": "asset_inventory", "primary_score": null}, {"stage": "field_match", "reason": "missing_field", "field": "asset_trading_financial_assets", "primary_score": null}, {"stage": "field_match", "reason": "missing_field", "field": "asset_construction_in_progress", "primary_score": null}, {"stage": "field_match", "reason": "missing_field", "field": "asset_total_assets", "primary_score": null}, {"stage": "field_match", "reason": "missing_field", "field": "liability_accounts_payable", "primary_score": null}, {"stage": "field_match", "reason": "missing_field", "field": "liability_advance_from_customers", "primary_score": null}, {"stage": "field_match", "reason": "missing_field", "field": "liability_total_liabilities", "primary_score": null}, {"stage": "field_match", "reason": "missing_field", "field": "liability_contract_liabilities", "primary_score": null}, {"stage": "field_match", "reason": "missing_field", "field": "liability_short_term_loans", "primary_score": null}, {"stage": "field_match", "reason": "missing_field", "field": "equity_unappropriated_profit", "primary_score": null}, {"stage": "field_match", "reason": "missing_field", "field": "equity_total_equity", "primary_score": null}, {"stage": "field_match", "reason": "missing_field", "field": "net_cash_flow", "primary_score": null}, {"stage": "field_match", "reason": "missing_field", "field": "operating_cf_net_amount", "primary_score": null}, {"stage": "field_match", "reason": "missing_field", "field": "investing_cf_net_amount", "primary_score": null}, {"stage": "field_match", "reason": "missing_field", "field": "financing_cf_net_amount", "primary_score": null}, {"stage": "field_match", "reason": "missing_field", "field": "operating_cf_cash_from_sales", "primary_score": null}, {"stage": "field_match", "reason": "missing_field", "field": "investing_cf_cash_for_investments", "primary_score": null}, {"stage": "field_match", "reason": "missing_field", "field": "investing_cf_cash_from_investment_recovery", "primary_score": null}, {"stage": "field_match", "reason": "missing_field", "field": "financing_cf_cash_from_borrowing", "primary_score": null}, {"stage": "field_match", "reason": "missing_field", "field": "financing_cf_cash_for_debt_repayment", "primary_score": null}, {"stage": "field_match", "reason": "missing_field", "field": "roe_weighted_excl_non_recurring", "primary_score": 0.6667}, {"stage": "field_match", "reason": "missing_field", "field": "net_profit_excl_non_recurring", "primary_score": 0.7368}, {"stage": "field_match", "reason": "missing_field", "field": "equity_parent", "primary_score": null}, {"stage": "field_match", "reason": "missing_field", "field": "share_capital", "primary_score": null}]}}
2026-04-18 09:08:53,090 [INFO] __main__: Exporting CSV to ex_db_result
2026-04-18 09:08:53,093 [INFO] pdfExtractor.db_handler: Exported income_sheet to ex_db_result/income_sheet.csv
2026-04-18 09:08:53,094 [INFO] pdfExtractor.db_handler: Exported balance_sheet to ex_db_result/balance_sheet.csv
2026-04-18 09:08:53,095 [INFO] pdfExtractor.db_handler: Exported cash_flow_sheet to ex_db_result/cash_flow_sheet.csv
2026-04-18 09:08:53,096 [INFO] pdfExtractor.db_handler: Exported core_performance_indicators_sheet to ex_db_result/core_performance_indicators_sheet.csv
2026-04-18 09:08:53,096 [INFO] __main__: CSV export complete
2026-04-18 09:08:53,097 [INFO] __main__: Error log written to ex_db_result/errors.log
2026-04-18 09:08:53,097 [INFO] __main__: Done!
